This file contains any messages produced by compilers while
running configure, to aid debugging if configure makes a mistake.

It was created by GNU C Library configure (see version.h), which was
generated by GNU Autoconf 2.69.  Invocation command line was

  $ ../configure --prefix=/opt/glibc-2.34

## --------- ##
## Platform. ##
## --------- ##

hostname = ubuntu
uname -m = aarch64
uname -r = 5.15.0-124-generic
uname -s = Linux
uname -v = #134-Ubuntu SMP Fri Sep 27 20:21:29 UTC 2024

/usr/bin/uname -p = aarch64
/bin/uname -X     = unknown

/bin/arch              = aarch64
/usr/bin/arch -k       = unknown
/usr/convex/getsysinfo = unknown
/usr/bin/hostinfo      = unknown
/bin/machine           = unknown
/usr/bin/oslevel       = unknown
/bin/universe          = unknown

PATH: /usr/local/sbin
PATH: /usr/local/bin
PATH: /usr/sbin
PATH: /usr/bin
PATH: /sbin
PATH: /bin
PATH: /usr/games
PATH: /usr/local/games
PATH: /snap/bin
PATH: /snap/bin


## ----------- ##
## Core tests. ##
## ----------- ##

configure:2250: checking build system type
configure:2264: result: aarch64-unknown-linux-gnu
configure:2284: checking host system type
configure:2297: result: aarch64-unknown-linux-gnu
configure:2366: checking for gcc
configure:2382: found /usr/bin/gcc
configure:2393: result: gcc
configure:2622: checking for C compiler version
configure:2631: gcc --version >&5
gcc (Ubuntu 11.4.0-1ubuntu1~22.04) 11.4.0
Copyright (C) 2021 Free Software Foundation, Inc.
This is free software; see the source for copying conditions.  There is NO
warranty; not even for MERCHANTABILITY or FITNESS FOR A PARTICULAR PURPOSE.

configure:2642: $? = 0
configure:2631: gcc -v >&5
Using built-in specs.
COLLECT_GCC=gcc
COLLECT_LTO_WRAPPER=/usr/lib/gcc/aarch64-linux-gnu/11/lto-wrapper
Target: aarch64-linux-gnu
Configured with: ../src/configure -v --with-pkgversion='Ubuntu 11.4.0-1ubuntu1~22.04' --with-bugurl=file:///usr/share/doc/gcc-11/README.Bugs --enable-languages=c,ada,c++,go,d,fortran,objc,obj-c++,m2 --prefix=/usr --with-gcc-major-version-only --program-suffix=-11 --program-prefix=aarch64-linux-gnu- --enable-shared --enable-linker-build-id --libexecdir=/usr/lib --without-included-gettext --enable-threads=posix --libdir=/usr/lib --enable-nls --enable-bootstrap --enable-clocale=gnu --enable-libstdcxx-debug --enable-libstdcxx-time=yes --with-default-libstdcxx-abi=new --enable-gnu-unique-object --disable-libquadmath --disable-libquadmath-support --enable-plugin --enable-default-pie --with-system-zlib --enable-libphobos-checking=release --with-target-system-zlib=auto --enable-objc-gc=auto --enable-multiarch --enable-fix-cortex-a53-843419 --disable-werror --enable-checking=release --build=aarch64-linux-gnu --host=aarch64-linux-gnu --target=aarch64-linux-gnu --with-build-config=bootstrap-lto-lean --enable-link-serialization=2
Thread model: posix
Supported LTO compression algorithms: zlib zstd
gcc version 11.4.0 (Ubuntu 11.4.0-1ubuntu1~22.04) 
configure:2642: $? = 0
configure:2631: gcc -V >&5
gcc: error: unrecognized command-line option '-V'
gcc: fatal error: no input files
compilation terminated.
configure:2642: $? = 1
configure:2631: gcc -qversion >&5
gcc: error: unrecognized command-line option '-qversion'; did you mean '--version'?
gcc: fatal error: no input files
compilation terminated.
configure:2642: $? = 1
configure:2647: checking for suffix of object files
configure:2669: gcc -c   conftest.c >&5
configure:2673: $? = 0
configure:2694: result: o
configure:2698: checking whether we are using the GNU C compiler
configure:2717: gcc -c   conftest.c >&5
configure:2717: $? = 0
configure:2726: result: yes
configure:2735: checking whether gcc accepts -g
configure:2755: gcc -c -g  conftest.c >&5
configure:2755: $? = 0
configure:2796: result: yes
configure:2916: checking for readelf
configure:2932: found /usr/bin/readelf
configure:2943: result: readelf
configure:3025: checking for g++
configure:3041: found /usr/bin/g++
configure:3052: result: g++
configure:3079: checking for C++ compiler version
configure:3088: g++ --version >&5
g++ (Ubuntu 11.4.0-1ubuntu1~22.04) 11.4.0
Copyright (C) 2021 Free Software Foundation, Inc.
This is free software; see the source for copying conditions.  There is NO
warranty; not even for MERCHANTABILITY or FITNESS FOR A PARTICULAR PURPOSE.

configure:3099: $? = 0
configure:3088: g++ -v >&5
Using built-in specs.
COLLECT_GCC=g++
COLLECT_LTO_WRAPPER=/usr/lib/gcc/aarch64-linux-gnu/11/lto-wrapper
Target: aarch64-linux-gnu
Configured with: ../src/configure -v --with-pkgversion='Ubuntu 11.4.0-1ubuntu1~22.04' --with-bugurl=file:///usr/share/doc/gcc-11/README.Bugs --enable-languages=c,ada,c++,go,d,fortran,objc,obj-c++,m2 --prefix=/usr --with-gcc-major-version-only --program-suffix=-11 --program-prefix=aarch64-linux-gnu- --enable-shared --enable-linker-build-id --libexecdir=/usr/lib --without-included-gettext --enable-threads=posix --libdir=/usr/lib --enable-nls --enable-bootstrap --enable-clocale=gnu --enable-libstdcxx-debug --enable-libstdcxx-time=yes --with-default-libstdcxx-abi=new --enable-gnu-unique-object --disable-libquadmath --disable-libquadmath-support --enable-plugin --enable-default-pie --with-system-zlib --enable-libphobos-checking=release --with-target-system-zlib=auto --enable-objc-gc=auto --enable-multiarch --enable-fix-cortex-a53-843419 --disable-werror --enable-checking=release --build=aarch64-linux-gnu --host=aarch64-linux-gnu --target=aarch64-linux-gnu --with-build-config=bootstrap-lto-lean --enable-link-serialization=2
Thread model: posix
Supported LTO compression algorithms: zlib zstd
gcc version 11.4.0 (Ubuntu 11.4.0-1ubuntu1~22.04) 
configure:3099: $? = 0
configure:3088: g++ -V >&5
g++: error: unrecognized command-line option '-V'
g++: fatal error: no input files
compilation terminated.
configure:3099: $? = 1
configure:3088: g++ -qversion >&5
g++: error: unrecognized command-line option '-qversion'; did you mean '--version'?
g++: fatal error: no input files
compilation terminated.
configure:3099: $? = 1
configure:3103: checking whether we are using the GNU C++ compiler
configure:3122: g++ -c   conftest.cpp >&5
configure:3122: $? = 0
configure:3131: result: yes
configure:3140: checking whether g++ accepts -g
configure:3160: g++ -c -g  conftest.cpp >&5
configure:3160: $? = 0
configure:3201: result: yes
configure:3226: checking whether g++ can link programs
configure:3249: g++ -o conftest -g -O2   conftest.cpp  >&5
configure:3249: $? = 0
configure:3272: g++ -o conftest -g -O2   -static conftest.cpp  >&5
configure:3272: $? = 0
configure:3287: result: yes
configure:3805: gcc -E  conftest.c
conftest.c:18:3: error: #error no CET compiler support
   18 | # error no CET compiler support
      |   ^~~~~
configure:3805: $? = 1
configure: failed program was:
| /* confdefs.h */
| #define PACKAGE_NAME "GNU C Library"
| #define PACKAGE_TARNAME "glibc"
| #define PACKAGE_VERSION "(see version.h)"
| #define PACKAGE_STRING "GNU C Library (see version.h)"
| #define PACKAGE_BUGREPORT "https://sourceware.org/bugzilla/"
| #define PACKAGE_URL "https://www.gnu.org/software/glibc/"
| #define PKGVERSION "(GNU libc) "
| #define REPORT_BUGS_TO "<https://www.gnu.org/software/libc/bugs.html>"
| #define HAVE_TUNABLES 1
| /* end confdefs.h.  */
| 
| int
| main ()
| {
| 
| #ifndef __CET__
| # error no CET compiler support
| #endif
|   ;
|   return 0;
| }
configure:3877: checking for sysdeps preconfigure fragments
configure:6: checking for grep that handles long lines and -e
configure:64: result: /usr/bin/grep
configure:69: checking for egrep
configure:131: result: /usr/bin/grep -E
configure:6: checking for grep that handles long lines and -e
configure:64: result: /usr/bin/grep
configure:69: checking for egrep
configure:131: result: /usr/bin/grep -E
configure:3884: result: 
configure:3914: checking for use of fpu sysdeps directories
configure:3933: result: yes
configure:3937: checking for -fstack-protector
configure:3943: gcc -g -O2  -Werror -fstack-protector -xc /dev/null -S -o /dev/null
configure:3946: $? = 0
configure:3954: result: yes
configure:3957: checking for -fstack-protector-strong
configure:3963: gcc -g -O2  -Werror -fstack-protector-strong -xc /dev/null -S -o /dev/null
configure:3966: $? = 0
configure:3974: result: yes
configure:3977: checking for -fstack-protector-all
configure:3983: gcc -g -O2  -Werror -fstack-protector-all -xc /dev/null -S -o /dev/null
configure:3986: $? = 0
configure:3994: result: yes
configure:4037: checking for assembler and linker STT_GNU_IFUNC support

Relocation section '.rela.dyn' at offset 0x260 contains 1 entry:
  Offset          Info           Type           Sym. Value    Sym. Name + Addend
000000011000  000000000408 R_AARCH64_IRELATI                    2c0

Relocation section '.rela.plt' at offset 0x278 contains 1 entry:
  Offset          Info           Type           Sym. Value    Sym. Name + Addend
000000010ff0  000000000408 R_AARCH64_IRELATI                    2c0
configure:4068: result: yes
configure:4072: checking for gcc attribute ifunc support
configure:4098: result: yes
configure:4103: checking whether the linker supports textrels along with ifunc
configure:4133: gcc -g -O2   -nostartfiles -nostdlib -fno-stack-protector -pie -o conftest conftest.S
/usr/bin/ld: warning: GNU indirect functions with DT_TEXTREL may result in a segfault at runtime; recompile with -fPIE
configure:4136: $? = 0
configure:4143: result: yes
configure:4148: checking for GNU attribute retain support
configure:4163: result: yes
configure:4173: checking if compiler warns about alias for function with incompatible types
conftest.c:9:34: error: 'foo_alias' alias between functions of incompatible types 'int(const void *, int)' and 'int (*(void))(const void *, int)' [-Werror=attribute-alias=]
    9 | extern __typeof (__redirect_foo) foo_alias __attribute__ ((alias ("foo")));
      |                                  ^~~~~~~~~
conftest.c:4:28: note: aliased declaration here
    4 | __typeof (__redirect_foo) *foo_impl (void)
      |                            ^~~~~~~~
cc1: all warnings being treated as errors
configure:4195: result: yes
configure:4233: checking sysdep dirs
configure:4431: result: sysdeps/generic
configure:4451: checking for a BSD-compatible install
configure:4519: result: /usr/bin/install -c
configure:4534: checking whether ln -s works
configure:4538: result: yes
configure:4564: checking whether as is GNU as
configure:4578: result: yes
configure:4583: checking whether ld is GNU ld
configure:4597: result: yes
configure:4607: checking for as
configure:4634: result: as
configure:4649: checking version of as
configure:4659: result: 2.38, ok
configure:4737: checking for ld
configure:4764: result: ld
configure:4779: checking version of ld
configure:4789: result: 2.38, ok
configure:4803: checking for gnumake
configure:4833: result: no
configure:4803: checking for gmake
configure:4819: found /usr/bin/gmake
configure:4830: result: gmake
configure:4845: checking version of gmake
configure:4855: result: 4.3, ok
configure:4867: checking for gnumsgfmt
configure:4897: result: no
configure:4867: checking for gmsgfmt
configure:4897: result: no
configure:4867: checking for msgfmt
configure:4883: found /usr/bin/msgfmt
configure:4894: result: msgfmt
configure:4909: checking version of msgfmt
configure:4919: result: 0.21, ok
configure:4930: checking for makeinfo
configure:4960: result: no
configure:4993: checking for sed
configure:5009: found /usr/bin/sed
configure:5020: result: sed
configure:5035: checking version of sed
configure:5045: result: 4.8, ok
configure:5056: checking for gawk
configure:5072: found /usr/bin/gawk
configure:5083: result: gawk
configure:5098: checking version of gawk
configure:5108: result: 5.1.0, ok
configure:5119: checking for bison
configure:5135: found /usr/bin/bison
configure:5146: result: bison
configure:5161: checking version of bison
configure:5171: result: 3.8.2, ok
configure:5179: checking if gcc is sufficient to build libc
configure:5199: gcc -E  conftest.c
configure:5199: $? = 0
configure:5206: result: yes
configure:5255: checking for nm
configure:5271: found /usr/bin/nm
configure:5282: result: nm
configure:5380: checking for python3
configure:5396: found /usr/bin/python3
configure:5407: result: python3
configure:5422: checking version of python3
configure:5432: result: 3.10.12, ok
configure:5449: WARNING:
*** These auxiliary programs are missing or incompatible versions: makeinfo
*** some features or tests will be disabled.
*** Check the INSTALL file for required versions.
configure:5500: checking LD_LIBRARY_PATH variable
configure:5510: result: ok
configure:5521: checking for bash
configure:5539: found /usr/bin/bash
configure:5552: result: /usr/bin/bash
configure:5563: checking for perl
configure:5581: found /usr/bin/perl
configure:5594: result: /usr/bin/perl
configure:5608: checking for install-info
configure:5640: result: no
configure:5649: checking for .set assembler directive
configure:5675: result: yes
configure:5682: checking linker support for protected data symbol
configure:5692: gcc -nostdlib -nostartfiles -fno-stack-protector -fPIC -shared conftest.c -o conftest.so
configure:5695: $? = 0
configure:5702: gcc -nostdlib -nostartfiles -fno-stack-protector conftest.c -o conftest conftest.so
/usr/bin/ld: warning: cannot find entry symbol _start; defaulting to 0000000000000310
configure:5705: $? = 0
configure:5713: result: yes
configure:5717: checking linker support for INSERT in linker script
configure:5735: gcc -nostdlib -nostartfiles -fno-stack-protector -fPIC -shared conftest.c -Wl,-T,conftest.t -o conftest.so
configure:5738: $? = 0
configure:5745: result: yes
configure:5749: checking for broken __attribute__((alias()))
configure:5764: gcc -Werror -S conftest.c -o conftest.s 1>&5
configure:5767: $? = 0
configure:5777: result: no
configure:5783: checking whether to put _rtld_local into .sdata section
configure:5797: result: no
configure:5804: checking for libunwind-support in compiler
configure:5821: result: no
configure:5830: checking whether --noexecstack is desirable for .S files
configure:5840: gcc -g -O2 
		   -S -o conftest.s conftest.c 1>&5
configure:5843: $? = 0
configure:5848: gcc  -Wa,--noexecstack
		      -c -o conftest.o conftest.s 1>&5
configure:5851: $? = 0
configure:5860: result: yes
configure:5867: checking for -z combreloc
configure:5881: gcc -g -O2  
			-fPIC -shared -fno-stack-protector -o conftest.so conftest.c
			-nostdlib -nostartfiles
			-Wl,-z,combreloc 1>&5
configure:5884: $? = 0
configure:5897: result: yes
configure:5905: checking for linker that supports -z execstack
configure:5918: gcc -g -O2   -fno-stack-protector
				-Wl,-z,execstack -nostdlib -nostartfiles
				-fPIC -shared -o conftest.so conftest.c
				1>&5
configure:5921: $? = 0
configure:5934: result: yes
configure:5938: checking for linker that supports -z start-stop-gc
configure:5951: gcc -g -O2   -fno-stack-protector
				-Wl,-z,start-stop-gc -nostdlib -nostartfiles
				-fPIC -shared -o conftest.so conftest.c
				1>&5
configure:5954: $? = 0
configure:5967: result: yes
configure:5972: checking for linker that supports --no-dynamic-linker
configure:5985: gcc -g -O2   -fno-stack-protector
				-Wl,--no-dynamic-linker -nostdlib -nostartfiles
				-fPIC -shared -o conftest.so conftest.c
				1>&5
configure:5988: $? = 0
configure:6001: result: yes
configure:6006: checking for -static-pie
configure:6012: gcc -static-pie -xc /dev/null -S -o /dev/null
configure:6015: $? = 0
configure:6023: result: yes
configure:6028: checking for -fpie
configure:6034: gcc -fpie -xc /dev/null -S -o /dev/null
configure:6037: $? = 0
configure:6045: result: yes
configure:6050: checking for --hash-style option
configure:6061: gcc -g -O2   -fno-stack-protector
			    -fPIC -shared -o conftest.so conftest.c
			    -Wl,--hash-style=both -nostdlib 1>&5
configure:6064: $? = 0
configure:6073: result: yes
configure:6081: checking for sufficient default -shared layout
configure:6100:   gcc  -shared -o conftest.so conftest.s 1>&5
configure:6103: $? = 0
configure:6135: result: yes
configure:6140: checking for GLOB_DAT reloc
configure:6153: gcc -g -O2  
			-fPIC -shared -o conftest.so conftest.c
			-nostdlib -nostartfiles -fno-stack-protector
			1>&5
configure:6156: $? = 0
configure:6169: result: yes
configure:6173: checking for -fno-toplevel-reorder -fno-section-anchors
configure:6183: gcc -g -O2  -S -fno-toplevel-reorder -fno-section-anchors
			    conftest.c 1>&5
configure:6186: $? = 0
configure:6195: result: yes
configure:6204: checking for -mtls-dialect=gnu2
configure:6218: gcc -g -O2  -S -fPIC -mtls-dialect=gnu2
		   conftest.c 1>&5
gcc: error: unrecognized argument in option '-mtls-dialect=gnu2'
gcc: note: valid arguments to '-mtls-dialect=' are: desc trad
configure:6221: $? = 1
configure:6230: result: no
configure:6236: checking whether cc puts quotes around section names
configure:6257: result: no
configure:6264: checking for __builtin_memset
configure:6276: gcc -O3 -S conftest.c -o - | grep -F memset > /dev/null
configure:6279: $? = 0
configure:6288: result: no
configure:6295: checking for redirection of built-in functions
configure:6308: gcc -O3 -S conftest.c -o - | grep -F my_strstr > /dev/null
configure:6311: $? = 0
configure:6320: result: yes
configure:6326: checking for compiler option to disable generation of FMA instructions
configure:6334: gcc -ffp-contract=off -xc /dev/null -S -o /dev/null
configure:6337: $? = 0
configure:6343: result: -ffp-contract=off
configure:6376: checking if gcc accepts -fno-tree-loop-distribute-patterns with __attribute__ ((__optimize__))
configure:6389: gcc -g -O2  -c conftest.c
configure:6392: $? = 0
configure:6399: result: yes
configure:6407: checking for libgd
configure:6427: gcc -o conftest -g -O2     conftest.c  -lgd -lpng -lz -lm >&5
conftest.c:20:10: fatal error: gd.h: No such file or directory
   20 | #include <gd.h>
      |          ^~~~~~
compilation terminated.
configure:6427: $? = 1
configure: failed program was:
| /* confdefs.h */
| #define PACKAGE_NAME "GNU C Library"
| #define PACKAGE_TARNAME "glibc"
| #define PACKAGE_VERSION "(see version.h)"
| #define PACKAGE_STRING "GNU C Library (see version.h)"
| #define PACKAGE_BUGREPORT "https://sourceware.org/bugzilla/"
| #define PACKAGE_URL "https://www.gnu.org/software/glibc/"
| #define PKGVERSION "(GNU libc) "
| #define REPORT_BUGS_TO "<https://www.gnu.org/software/libc/bugs.html>"
| #define HAVE_TUNABLES 1
| #define USE_PPC_SCV 1
| #define HAVE_CC_NO_STACK_PROTECTOR 1
| #define STACK_PROTECTOR_LEVEL 0
| #define HAVE_GNU_RETAIN 1
| #define USE_MULTIARCH 1
| #define HAVE_ASM_SET_DIRECTIVE 1
| #define HAVE_Z_COMBRELOC 1
| #define HAVE_CC_INHIBIT_LOOP_TO_LIBCALL 1
| /* end confdefs.h.  */
| #include <gd.h>
| int
| main ()
| {
| gdImagePng (0, 0)
|   ;
|   return 0;
| }
configure:6440: result: no
configure:6449: checking for is_selinux_enabled in -lselinux
configure:6474: gcc -o conftest -g -O2   conftest.c -lselinux   >&5
configure:6474: $? = 0
configure:6483: result: yes
configure:6504: checking for audit_log_user_avc_message in -laudit
configure:6529: gcc -o conftest -g -O2   conftest.c -laudit   >&5
/usr/bin/ld: cannot find -laudit: No such file or directory
collect2: error: ld returned 1 exit status
configure:6529: $? = 1
configure: failed program was:
| /* confdefs.h */
| #define PACKAGE_NAME "GNU C Library"
| #define PACKAGE_TARNAME "glibc"
| #define PACKAGE_VERSION "(see version.h)"
| #define PACKAGE_STRING "GNU C Library (see version.h)"
| #define PACKAGE_BUGREPORT "https://sourceware.org/bugzilla/"
| #define PACKAGE_URL "https://www.gnu.org/software/glibc/"
| #define PKGVERSION "(GNU libc) "
| #define REPORT_BUGS_TO "<https://www.gnu.org/software/libc/bugs.html>"
| #define HAVE_TUNABLES 1
| #define USE_PPC_SCV 1
| #define HAVE_CC_NO_STACK_PROTECTOR 1
| #define STACK_PROTECTOR_LEVEL 0
| #define HAVE_GNU_RETAIN 1
| #define USE_MULTIARCH 1
| #define HAVE_ASM_SET_DIRECTIVE 1
| #define HAVE_Z_COMBRELOC 1
| #define HAVE_CC_INHIBIT_LOOP_TO_LIBCALL 1
| #define HAVE_SELINUX 1
| /* end confdefs.h.  */
| 
| /* Override any GCC internal prototype to avoid an error.
|    Use char because int might match the return type of a GCC
|    builtin and then its argument prototype would still apply.  */
| #ifdef __cplusplus
| extern "C"
| #endif
| char audit_log_user_avc_message ();
| int
| main ()
| {
| return audit_log_user_avc_message ();
|   ;
|   return 0;
| }
configure:6538: result: no
configure:6554: checking for cap_init in -lcap
configure:6579: gcc -o conftest -g -O2   conftest.c -lcap   >&5
/usr/bin/ld: cannot find -lcap: No such file or directory
collect2: error: ld returned 1 exit status
configure:6579: $? = 1
configure: failed program was:
| /* confdefs.h */
| #define PACKAGE_NAME "GNU C Library"
| #define PACKAGE_TARNAME "glibc"
| #define PACKAGE_VERSION "(see version.h)"
| #define PACKAGE_STRING "GNU C Library (see version.h)"
| #define PACKAGE_BUGREPORT "https://sourceware.org/bugzilla/"
| #define PACKAGE_URL "https://www.gnu.org/software/glibc/"
| #define PKGVERSION "(GNU libc) "
| #define REPORT_BUGS_TO "<https://www.gnu.org/software/libc/bugs.html>"
| #define HAVE_TUNABLES 1
| #define USE_PPC_SCV 1
| #define HAVE_CC_NO_STACK_PROTECTOR 1
| #define STACK_PROTECTOR_LEVEL 0
| #define HAVE_GNU_RETAIN 1
| #define USE_MULTIARCH 1
| #define HAVE_ASM_SET_DIRECTIVE 1
| #define HAVE_Z_COMBRELOC 1
| #define HAVE_CC_INHIBIT_LOOP_TO_LIBCALL 1
| #define HAVE_SELINUX 1
| /* end confdefs.h.  */
| 
| /* Override any GCC internal prototype to avoid an error.
|    Use char because int might match the return type of a GCC
|    builtin and then its argument prototype would still apply.  */
| #ifdef __cplusplus
| extern "C"
| #endif
| char cap_init ();
| int
| main ()
| {
| return cap_init ();
|   ;
|   return 0;
| }
configure:6588: result: no
configure:6606: checking for _FORTIFY_SOURCE predefine
configure:6625: gcc -c -g -O2  conftest.c >&5
conftest.c: In function 'main':
conftest.c:27:3: error: #error bogon
   27 | # error bogon
      |   ^~~~~
configure:6625: $? = 1
configure: failed program was:
| /* confdefs.h */
| #define PACKAGE_NAME "GNU C Library"
| #define PACKAGE_TARNAME "glibc"
| #define PACKAGE_VERSION "(see version.h)"
| #define PACKAGE_STRING "GNU C Library (see version.h)"
| #define PACKAGE_BUGREPORT "https://sourceware.org/bugzilla/"
| #define PACKAGE_URL "https://www.gnu.org/software/glibc/"
| #define PKGVERSION "(GNU libc) "
| #define REPORT_BUGS_TO "<https://www.gnu.org/software/libc/bugs.html>"
| #define HAVE_TUNABLES 1
| #define USE_PPC_SCV 1
| #define HAVE_CC_NO_STACK_PROTECTOR 1
| #define STACK_PROTECTOR_LEVEL 0
| #define HAVE_GNU_RETAIN 1
| #define USE_MULTIARCH 1
| #define HAVE_ASM_SET_DIRECTIVE 1
| #define HAVE_Z_COMBRELOC 1
| #define HAVE_CC_INHIBIT_LOOP_TO_LIBCALL 1
| #define HAVE_SELINUX 1
| /* end confdefs.h.  */
| 
| int
| main ()
| {
| 
| #ifdef _FORTIFY_SOURCE
| # error bogon
| #endif
|   ;
|   return 0;
| }
configure:6632: result: yes
configure:6642: checking whether the linker provides working __ehdr_start
configure:6665: gcc -o conftest -g -O2 -fPIC   -nostdlib -nostartfiles -shared -fno-stack-protector conftest.c  >&5
configure:6665: $? = 0
configure:6681: result: yes
configure:6691: checking whether the assembler requires one version per symbol
configure:6712: result: no
configure:6719: checking for __builtin_trap with no external dependencies
configure:6736: gcc -c -g -O2  conftest.c >&5
configure:6736: $? = 0
libc_undefs=''
configure:6750: result: yes
configure:6764: checking whether the C++ compiler supports thread_local
configure:6792: g++ -c -g -O2 -std=gnu++11  conftest.cpp >&5
configure:6792: $? = 0
configure:6801: result: yes
configure:6832: result: running configure fragment for sysdeps/unix/sysv/linux/aarch64
configure:6832: result: running configure fragment for sysdeps/unix/sysv/linux
configure:10: checking installed Linux kernel header files
configure:29: gcc -E  conftest.c
configure:29: $? = 0
configure:36: result: 3.2.0 or later
configure:70: checking for kernel header at least 3.7.0
configure:88: gcc -E  conftest.c
configure:88: $? = 0
configure:94: result: ok
configure:143: checking for symlinks in /opt/glibc-2.34/include
configure:160: result: ok
configure:6832: result: running configure fragment for sysdeps/gnu
configure:6832: result: running configure fragment for sysdeps/aarch64
configure:22: checking for grep that handles long lines and -e
configure:80: result: /usr/bin/grep
configure:85: checking for egrep
configure:147: result: /usr/bin/grep -E
configure:152: checking for big endian
configure:173: result: no
configure:188: checking for BTI support
configure:198: gcc -g -O2   -nostdlib -nostartfiles -fno-stack-protector -shared -fPIC -o conftest.so conftest.c
configure:201: $? = 0
configure:204: readelf -lW conftest.so | grep -q GNU_PROPERTY
configure:207: $? = 1
configure:220: result: no
configure:234: checking if pac-ret is enabled
configure:245: gcc -g -O2  -S -o conftest.s conftest.c
configure:248: $? = 0
configure:251: grep -q -E '(hint( |	)+25|paciasp)' conftest.s
configure:254: $? = 1
configure:261: result: no
configure:269: checking for variant PCS support
configure:287: gcc -g -O2   -nostdlib -nostartfiles -fno-stack-protector -shared -fPIC -o conftest.so conftest.S
configure:290: $? = 0
configure:293: readelf -dW conftest.so | grep -q AARCH64_VARIANT_PCS
configure:296: $? = 0
configure:303: result: yes
configure:309: checking for SVE support in assembler
configure:318: gcc -c -march=armv8.2-a+sve conftest.s 1>&5
configure:321: $? = 0
configure:329: result: 
configure:6897: checking whether -fPIC is default
conftest.c:2:3: error: #error PIC is default.
    2 | # error PIC is default.
      |   ^~~~~
configure:6913: result: yes
configure:6917: checking whether -fPIE is default
conftest.c:2:3: error: #error PIE is default.
    2 | # error PIE is default.
      |   ^~~~~
configure:6933: result: yes
configure:7098: creating ./config.status

## ---------------------- ##
## Running config.status. ##
## ---------------------- ##

This file was extended by GNU C Library config.status (see version.h), which was
generated by GNU Autoconf 2.69.  Invocation command line was

  CONFIG_FILES    = 
  CONFIG_HEADERS  = 
  CONFIG_LINKS    = 
  CONFIG_COMMANDS = 
  $ ./config.status 

on ubuntu

config.status:956: creating config.make
config.status:956: creating Makefile
config.status:956: creating config.h
config.status:1130: executing default commands

## ---------------- ##
## Cache variables. ##
## ---------------- ##

ac_cv_build=aarch64-unknown-linux-gnu
ac_cv_c_compiler_gnu=yes
ac_cv_cxx_compiler_gnu=yes
ac_cv_env_CCC_set=
ac_cv_env_CCC_value=
ac_cv_env_CC_set=
ac_cv_env_CC_value=
ac_cv_env_CFLAGS_set=
ac_cv_env_CFLAGS_value=
ac_cv_env_CPPFLAGS_set=
ac_cv_env_CPPFLAGS_value=
ac_cv_env_CPP_set=
ac_cv_env_CPP_value=
ac_cv_env_CXXFLAGS_set=
ac_cv_env_CXXFLAGS_value=
ac_cv_env_CXX_set=
ac_cv_env_CXX_value=
ac_cv_env_LDFLAGS_set=
ac_cv_env_LDFLAGS_value=
ac_cv_env_LIBS_set=
ac_cv_env_LIBS_value=
ac_cv_env_build_alias_set=
ac_cv_env_build_alias_value=
ac_cv_env_host_alias_set=
ac_cv_env_host_alias_value=
ac_cv_env_target_alias_set=
ac_cv_env_target_alias_value=
ac_cv_host=aarch64-unknown-linux-gnu
ac_cv_lib_audit_audit_log_user_avc_message=no
ac_cv_lib_cap_cap_init=no
ac_cv_lib_selinux_is_selinux_enabled=yes
ac_cv_objext=o
ac_cv_path_BASH_SHELL=/usr/bin/bash
ac_cv_path_EGREP='/usr/bin/grep -E'
ac_cv_path_GREP=/usr/bin/grep
ac_cv_path_INSTALL_INFO=no
ac_cv_path_PERL=/usr/bin/perl
ac_cv_path_install='/usr/bin/install -c'
ac_cv_prog_AS=as
ac_cv_prog_AWK=gawk
ac_cv_prog_BISON=bison
ac_cv_prog_LD=ld
ac_cv_prog_MAKE=gmake
ac_cv_prog_MSGFMT=msgfmt
ac_cv_prog_PYTHON_PROG=python3
ac_cv_prog_SED=sed
ac_cv_prog_ac_ct_CC=gcc
ac_cv_prog_ac_ct_CXX=g++
ac_cv_prog_ac_ct_NM=nm
ac_cv_prog_ac_ct_READELF=readelf
ac_cv_prog_cc_g=yes
ac_cv_prog_cxx_g=yes
libc_cv_aarch64_be=no
libc_cv_aarch64_bti=no
libc_cv_aarch64_pac_ret=no
libc_cv_aarch64_sve_asm=yes
libc_cv_aarch64_variant_pcs=yes
libc_cv_as_noexecstack=yes
libc_cv_asm_set_directive=yes
libc_cv_broken_alias_attribute=no
libc_cv_builtin_trap=yes
libc_cv_cc_loop_to_function=yes
libc_cv_cc_nofma=-ffp-contract=off
libc_cv_cc_pie_default=yes
libc_cv_cc_with_libunwind=no
libc_cv_compiler_default_cet=no
libc_cv_compiler_ok=yes
libc_cv_cxx_link_ok=yes
libc_cv_cxx_thread_local=yes
libc_cv_ehdr_start=yes
libc_cv_fno_toplevel_reorder=yes
libc_cv_fpie=yes
libc_cv_gcc_builtin_memset=no
libc_cv_gcc_builtin_redirection=yes
libc_cv_gcc_incompatible_alias=yes
libc_cv_gcc_indirect_function=yes
libc_cv_gcc_unwind_find_fde=no
libc_cv_gnu_retain=yes
libc_cv_has_glob_dat=yes
libc_cv_hashstyle=yes
libc_cv_have_sdata_section=no
libc_cv_have_section_quotes=no
libc_cv_idn=no
libc_cv_insert=yes
libc_cv_ld_gnu_indirect_function=yes
libc_cv_linux320='3.2.0 or later'
libc_cv_localstatedir='${prefix}/var'
libc_cv_mtls_dialect_gnu2=no
libc_cv_multidir=.
libc_cv_no_dynamic_linker=yes
libc_cv_nss_crypt=no
libc_cv_pic_default=yes
libc_cv_pie_default=yes
libc_cv_predef_fortify_source=yes
libc_cv_prog_as_gnu=yes
libc_cv_prog_ld_gnu=yes
libc_cv_protected_data=yes
libc_cv_ssp=yes
libc_cv_ssp_all=yes
libc_cv_ssp_strong=yes
libc_cv_static_nss_crypt=no
libc_cv_static_pie=yes
libc_cv_symver_needs_alias=no
libc_cv_sysconfdir='${prefix}/etc'
libc_cv_textrel_ifunc=yes
libc_cv_use_default_link=yes
libc_cv_with_fp=yes
libc_cv_z_combreloc=yes
libc_cv_z_execstack=yes
libc_cv_z_start_stop_gc=yes

## ----------------- ##
## Output variables. ##
## ----------------- ##

AR='ar'
AS='as'
ASFLAGS_config=' -Wa,--noexecstack'
AUTOCONF='no'
AWK='gawk'
BASH_SHELL='/usr/bin/bash'
BISON='bison'
BUILD_CC=''
CC='gcc'
CFLAGS='-g -O2'
CPP='gcc -E'
CPPFLAGS=''
CPPUNDEFS='-U_FORTIFY_SOURCE'
CXX='g++'
CXXFLAGS='-g -O2'
CXX_BITS_STD_ABS_H='/usr/include/c++/11/bits/std_abs.h'
CXX_CMATH_HEADER='/usr/include/c++/11/cmath'
CXX_CSTDLIB_HEADER='/usr/include/c++/11/cstdlib'
CXX_SYSINCLUDES=''
DEFINES=''
DEFS='-DHAVE_CONFIG_H'
ECHO_C=''
ECHO_N='-n'
ECHO_T=''
GPROF='gprof'
INSTALL_DATA='${INSTALL} -m 644'
INSTALL_INFO='no'
INSTALL_PROGRAM='${INSTALL}'
INSTALL_SCRIPT='${INSTALL}'
LD='ld'
LDFLAGS=''
LIBGD='no'
LIBOBJS=''
LIBS=''
LN_S='ln -s'
LTLIBOBJS=''
MAKE='gmake'
MAKEINFO=':'
MSGFMT='msgfmt'
NM='nm'
OBJCOPY='objcopy'
OBJDUMP='objdump'
OBJEXT='o'
PACKAGE_BUGREPORT='https://sourceware.org/bugzilla/'
PACKAGE_NAME='GNU C Library'
PACKAGE_STRING='GNU C Library (see version.h)'
PACKAGE_TARNAME='glibc'
PACKAGE_URL='https://www.gnu.org/software/glibc/'
PACKAGE_VERSION='(see version.h)'
PATH_SEPARATOR=':'
PERL='/usr/bin/perl'
PKGVERSION='(GNU libc) '
PKGVERSION_TEXI='(GNU libc) '
PYTHON='python3 -B'
PYTHON_PROG='python3'
READELF='readelf'
RELEASE='stable'
REPORT_BUGS_TEXI='@uref{https://www.gnu.org/software/libc/bugs.html}'
REPORT_BUGS_TO='<https://www.gnu.org/software/libc/bugs.html>'
SED='sed'
SHELL='/bin/bash'
SYSINCLUDES=''
VERSION='2.34'
ac_ct_CC='gcc'
ac_ct_CXX='g++'
all_warnings=''
base_machine='aarch64'
bindir='${exec_prefix}/bin'
bindnow='no'
build='aarch64-unknown-linux-gnu'
build_alias=''
build_cpu='aarch64'
build_crypt='yes'
build_nscd='yes'
build_os='linux-gnu'
build_pt_chown='no'
build_vendor='unknown'
cross_compiling='no'
datadir='${datarootdir}'
datarootdir='${prefix}/share'
docdir='${datarootdir}/doc/${PACKAGE_TARNAME}'
dvidir='${docdir}'
enable_timezone_tools='yes'
enable_werror='yes'
exec_prefix='${prefix}'
experimental_malloc='yes'
extra_nonshared_cflags=''
fno_unit_at_a_time='-fno-toplevel-reorder -fno-section-anchors'
force_install='yes'
hardcoded_path_in_tests='no'
have_libaudit='no'
have_libcap='no'
have_selinux='yes'
have_tunables='yes'
host='aarch64-unknown-linux-gnu'
host_alias=''
host_cpu='aarch64'
host_os='linux-gnu'
host_vendor='unknown'
htmldir='${docdir}'
includedir='${prefix}/include'
infodir='${datarootdir}/info'
ldd_rewrite_script='no'
libc_cv_cc_loop_to_function='yes'
libc_cv_cc_nofma='-ffp-contract=off'
libc_cv_cc_pie_default='yes'
libc_cv_cc_submachine=''
libc_cv_cc_with_libunwind='no'
libc_cv_complocaledir=''
libc_cv_cxx_thread_local='yes'
libc_cv_fpie='yes'
libc_cv_gcc_unwind_find_fde='no'
libc_cv_has_glob_dat='yes'
libc_cv_hashstyle='yes'
libc_cv_insert='yes'
libc_cv_localstatedir='${prefix}/var'
libc_cv_mtls_dialect_gnu2='no'
libc_cv_multidir='.'
libc_cv_nss_crypt='no'
libc_cv_pic_default='yes'
libc_cv_pie_default='yes'
libc_cv_protected_data='yes'
libc_cv_rootsbindir=''
libc_cv_rtlddir=''
libc_cv_slibdir=''
libc_cv_ssp='yes'
libc_cv_static_nss_crypt='no'
libc_cv_sysconfdir='${prefix}/etc'
libc_cv_textrel_ifunc='yes'
libc_cv_with_fp='yes'
libc_cv_z_combreloc='yes'
libc_cv_z_execstack='yes'
libc_extra_cflags=''
libc_extra_cppflags=''
libdir='${exec_prefix}/lib'
libexecdir='${exec_prefix}/libexec'
localedir='${datarootdir}/locale'
localstatedir='${prefix}/var'
mach_interface_list=''
mandir='${datarootdir}/man'
memory_tagging='no'
multi_arch='default'
no_stack_protector='-fno-stack-protector -DSTACK_PROTECTOR_LEVEL=0'
oldincludedir='/usr/include'
pdfdir='${docdir}'
prefix='/opt/glibc-2.34'
profile='no'
program_transform_name='s,x,x,'
psdir='${docdir}'
pthread_in_libc='yes'
sbindir='${exec_prefix}/sbin'
shared='yes'
sharedstatedir='${prefix}/com'
stack_protector='-fno-stack-protector'
static=''
static_nss='no'
subdirs=' '
submachine=''
sysconfdir='${prefix}/etc'
sysheaders=''
sysnames=' sysdeps/unix/sysv/linux/aarch64 sysdeps/aarch64/nptl sysdeps/unix/sysv/linux/generic sysdeps/unix/sysv/linux/wordsize-64 sysdeps/unix/sysv/linux sysdeps/nptl sysdeps/pthread sysdeps/gnu sysdeps/unix/inet sysdeps/unix/sysv sysdeps/unix sysdeps/posix sysdeps/aarch64/fpu sysdeps/aarch64/multiarch sysdeps/aarch64 sysdeps/wordsize-64 sysdeps/ieee754/ldbl-128 sysdeps/ieee754/dbl-64 sysdeps/ieee754/flt-32 sysdeps/ieee754 sysdeps/generic'
target_alias=''
use_default_link='yes'
use_ldconfig='yes'
use_nscd='yes'

## ----------- ##
## confdefs.h. ##
## ----------- ##

/* confdefs.h */
#define PACKAGE_NAME "GNU C Library"
#define PACKAGE_TARNAME "glibc"
#define PACKAGE_VERSION "(see version.h)"
#define PACKAGE_STRING "GNU C Library (see version.h)"
#define PACKAGE_BUGREPORT "https://sourceware.org/bugzilla/"
#define PACKAGE_URL "https://www.gnu.org/software/glibc/"
#define PKGVERSION "(GNU libc) "
#define REPORT_BUGS_TO "<https://www.gnu.org/software/libc/bugs.html>"
#define HAVE_TUNABLES 1
#define USE_PPC_SCV 1
#define HAVE_CC_NO_STACK_PROTECTOR 1
#define STACK_PROTECTOR_LEVEL 0
#define HAVE_GNU_RETAIN 1
#define USE_MULTIARCH 1
#define HAVE_ASM_SET_DIRECTIVE 1
#define HAVE_Z_COMBRELOC 1
#define HAVE_CC_INHIBIT_LOOP_TO_LIBCALL 1
#define HAVE_SELINUX 1
#define HAVE_EHDR_START 1
#define HAVE_BUILTIN_TRAP 1
#define __LINUX_KERNEL_VERSION (3 * 65536 + 7 * 256 + 0)
#define __ABI_TAG_VERSION 3,7,0
#define HAVE_INLINED_SYSCALLS 1
#define PI_STATIC_AND_HIDDEN 1
#define SUPPORT_STATIC_PIE 1
#define HAVE_AARCH64_SVE_ASM 1
#define HAVE_IFUNC 1
#define HAVE_GCC_IFUNC 1
#define USE_NSCD 1
#define USE_LDCONFIG 1
#define PTHREAD_IN_LIBC 1

configure: exit 0
